==========================
==========================
Tue May 21 23:48:16 EDT 2024
--------------------------
type-spatial_size-225_symm-True_braindiv-whl_nrois-162 seswise 10 14 a True 12000 100000 100
/home/govindas/scratch/mouse_dataset/roi_results/type-spatial_size-225_symm-True_braindiv-whl_nrois-162/seswise/density-10/corr_mats/sub-SLC05_ses-3_desc-corr-mat.gt.gz
a SBM
heuristic
mcmc
8 modes present
5 blocks
5 blocks
5 blocks
5 blocks
5 blocks
5 blocks
5 blocks
5 blocks
mode clusters
evidence
/home/govindas/scratch/mouse_dataset/roi_results/type-spatial_size-225_symm-True_braindiv-whl_nrois-162/seswise/density-10/sbms/sub-SLC05_ses-3/sbm--a_desc-fit.npy
