==========================
==========================
Tue May 21 23:48:16 EDT 2024
--------------------------
type-spatial_size-225_symm-True_braindiv-whl_nrois-162 seswise 10 18 a True 12000 100000 100
/home/govindas/scratch/mouse_dataset/roi_results/type-spatial_size-225_symm-True_braindiv-whl_nrois-162/seswise/density-10/corr_mats/sub-SLC07_ses-1_desc-corr-mat.gt.gz
a SBM
heuristic
mcmc
13 modes present
13 blocks
12 blocks
12 blocks
13 blocks
15 blocks
14 blocks
14 blocks
13 blocks
12 blocks
14 blocks
14 blocks
14 blocks
15 blocks
mode clusters
evidence
/home/govindas/scratch/mouse_dataset/roi_results/type-spatial_size-225_symm-True_braindiv-whl_nrois-162/seswise/density-10/sbms/sub-SLC07_ses-1/sbm--a_desc-fit.npy
