==========================
==========================
Tue May 21 23:48:18 EDT 2024
--------------------------
type-spatial_size-225_symm-True_braindiv-whl_nrois-162 seswise 10 20 d True 12000 100000 100
/home/govindas/scratch/mouse_dataset/roi_results/type-spatial_size-225_symm-True_braindiv-whl_nrois-162/seswise/density-10/corr_mats/sub-SLC07_ses-3_desc-corr-mat.gt.gz
d SBM
heuristic
mcmc
24 modes present
9 blocks
8 blocks
9 blocks
9 blocks
8 blocks
8 blocks
9 blocks
8 blocks
9 blocks
10 blocks
9 blocks
8 blocks
10 blocks
8 blocks
11 blocks
9 blocks
9 blocks
10 blocks
9 blocks
9 blocks
10 blocks
11 blocks
8 blocks
17 blocks
mode clusters
evidence
/home/govindas/scratch/mouse_dataset/roi_results/type-spatial_size-225_symm-True_braindiv-whl_nrois-162/seswise/density-10/sbms/sub-SLC07_ses-3/sbm-dc-d_desc-fit.npy
