==========================
==========================
Tue May 21 23:48:18 EDT 2024
--------------------------
type-spatial_size-225_symm-True_braindiv-whl_nrois-162 seswise 10 19 d True 12000 100000 100
/home/govindas/scratch/mouse_dataset/roi_results/type-spatial_size-225_symm-True_braindiv-whl_nrois-162/seswise/density-10/corr_mats/sub-SLC07_ses-2_desc-corr-mat.gt.gz
d SBM
heuristic
mcmc
14 modes present
11 blocks
11 blocks
12 blocks
13 blocks
10 blocks
13 blocks
11 blocks
11 blocks
13 blocks
13 blocks
13 blocks
11 blocks
14 blocks
20 blocks
mode clusters
evidence
/home/govindas/scratch/mouse_dataset/roi_results/type-spatial_size-225_symm-True_braindiv-whl_nrois-162/seswise/density-10/sbms/sub-SLC07_ses-2/sbm-dc-d_desc-fit.npy
