==========================
==========================
Tue May 21 23:49:19 EDT 2024
--------------------------
type-spatial_size-225_symm-True_braindiv-whl_nrois-162 seswise 10 2 h True 12000 100000 100
/home/govindas/scratch/mouse_dataset/roi_results/type-spatial_size-225_symm-True_braindiv-whl_nrois-162/seswise/density-10/corr_mats/sub-SLC01_ses-3_desc-corr-mat.gt.gz
h SBM
heuristic
mcmc
26 modes present
19 blocks
18 blocks
17 blocks
19 blocks
19 blocks
19 blocks
22 blocks
18 blocks
20 blocks
19 blocks
20 blocks
22 blocks
20 blocks
20 blocks
20 blocks
20 blocks
21 blocks
21 blocks
21 blocks
19 blocks
20 blocks
21 blocks
18 blocks
22 blocks
18 blocks
15 blocks
mode clusters
evidence
/home/govindas/scratch/mouse_dataset/roi_results/type-spatial_size-225_symm-True_braindiv-whl_nrois-162/seswise/density-10/sbms/sub-SLC01_ses-3/sbm-dc-h_desc-fit.npy
