==========================
==========================
Tue May 21 23:49:19 EDT 2024
--------------------------
type-spatial_size-225_symm-True_braindiv-whl_nrois-162 seswise 10 29 h True 12000 100000 100
/home/govindas/scratch/mouse_dataset/roi_results/type-spatial_size-225_symm-True_braindiv-whl_nrois-162/seswise/density-10/corr_mats/sub-SLC10_ses-3_desc-corr-mat.gt.gz
h SBM
heuristic
mcmc
29 modes present
11 blocks
11 blocks
12 blocks
11 blocks
15 blocks
12 blocks
12 blocks
16 blocks
15 blocks
14 blocks
17 blocks
13 blocks
12 blocks
15 blocks
15 blocks
13 blocks
15 blocks
11 blocks
15 blocks
17 blocks
15 blocks
14 blocks
16 blocks
13 blocks
16 blocks
11 blocks
16 blocks
12 blocks
15 blocks
mode clusters
evidence
/home/govindas/scratch/mouse_dataset/roi_results/type-spatial_size-225_symm-True_braindiv-whl_nrois-162/seswise/density-10/sbms/sub-SLC10_ses-3/sbm-dc-h_desc-fit.npy
