==========================
==========================
Tue May 21 23:49:19 EDT 2024
--------------------------
type-spatial_size-225_symm-True_braindiv-whl_nrois-162 seswise 10 15 h True 12000 100000 100
/home/govindas/scratch/mouse_dataset/roi_results/type-spatial_size-225_symm-True_braindiv-whl_nrois-162/seswise/density-10/corr_mats/sub-SLC06_ses-1_desc-corr-mat.gt.gz
h SBM
heuristic
mcmc
24 modes present
15 blocks
14 blocks
15 blocks
16 blocks
20 blocks
15 blocks
19 blocks
12 blocks
14 blocks
17 blocks
15 blocks
16 blocks
14 blocks
18 blocks
16 blocks
13 blocks
13 blocks
20 blocks
15 blocks
14 blocks
13 blocks
17 blocks
15 blocks
11 blocks
mode clusters
evidence
/home/govindas/scratch/mouse_dataset/roi_results/type-spatial_size-225_symm-True_braindiv-whl_nrois-162/seswise/density-10/sbms/sub-SLC06_ses-1/sbm-dc-h_desc-fit.npy
