==========================
==========================
Tue May 21 23:49:18 EDT 2024
--------------------------
type-spatial_size-225_symm-True_braindiv-whl_nrois-162 seswise 10 20 h True 12000 100000 100
/home/govindas/scratch/mouse_dataset/roi_results/type-spatial_size-225_symm-True_braindiv-whl_nrois-162/seswise/density-10/corr_mats/sub-SLC07_ses-3_desc-corr-mat.gt.gz
h SBM
heuristic
mcmc
19 modes present
12 blocks
11 blocks
13 blocks
11 blocks
10 blocks
12 blocks
14 blocks
12 blocks
16 blocks
14 blocks
11 blocks
10 blocks
14 blocks
14 blocks
15 blocks
17 blocks
11 blocks
13 blocks
11 blocks
mode clusters
evidence
/home/govindas/scratch/mouse_dataset/roi_results/type-spatial_size-225_symm-True_braindiv-whl_nrois-162/seswise/density-10/sbms/sub-SLC07_ses-3/sbm-dc-h_desc-fit.npy
