==========================
==========================
Tue May 21 23:49:19 EDT 2024
--------------------------
type-spatial_size-225_symm-True_braindiv-whl_nrois-162 seswise 10 6 h True 12000 100000 100
/home/govindas/scratch/mouse_dataset/roi_results/type-spatial_size-225_symm-True_braindiv-whl_nrois-162/seswise/density-10/corr_mats/sub-SLC03_ses-1_desc-corr-mat.gt.gz
h SBM
heuristic
mcmc
41 modes present
16 blocks
19 blocks
20 blocks
18 blocks
21 blocks
18 blocks
18 blocks
23 blocks
18 blocks
24 blocks
19 blocks
21 blocks
14 blocks
20 blocks
20 blocks
18 blocks
20 blocks
18 blocks
21 blocks
18 blocks
19 blocks
19 blocks
19 blocks
19 blocks
20 blocks
18 blocks
17 blocks
16 blocks
16 blocks
21 blocks
17 blocks
19 blocks
18 blocks
16 blocks
19 blocks
16 blocks
17 blocks
19 blocks
18 blocks
17 blocks
15 blocks
mode clusters
evidence
/home/govindas/scratch/mouse_dataset/roi_results/type-spatial_size-225_symm-True_braindiv-whl_nrois-162/seswise/density-10/sbms/sub-SLC03_ses-1/sbm-dc-h_desc-fit.npy
