==========================
==========================
Tue May 21 23:49:19 EDT 2024
--------------------------
type-spatial_size-225_symm-True_braindiv-whl_nrois-162 seswise 10 3 h True 12000 100000 100
/home/govindas/scratch/mouse_dataset/roi_results/type-spatial_size-225_symm-True_braindiv-whl_nrois-162/seswise/density-10/corr_mats/sub-SLC02_ses-1_desc-corr-mat.gt.gz
h SBM
heuristic
mcmc
23 modes present
17 blocks
15 blocks
16 blocks
15 blocks
17 blocks
19 blocks
18 blocks
16 blocks
17 blocks
14 blocks
16 blocks
17 blocks
18 blocks
17 blocks
14 blocks
16 blocks
16 blocks
14 blocks
17 blocks
17 blocks
16 blocks
17 blocks
16 blocks
mode clusters
evidence
/home/govindas/scratch/mouse_dataset/roi_results/type-spatial_size-225_symm-True_braindiv-whl_nrois-162/seswise/density-10/sbms/sub-SLC02_ses-1/sbm-dc-h_desc-fit.npy
