==========================
==========================
Tue May 21 23:48:35 EDT 2024
--------------------------
type-spatial_size-225_symm-True_braindiv-whl_nrois-162 seswise 10 7 d False 12000 100000 100
/home/govindas/scratch/mouse_dataset/roi_results/type-spatial_size-225_symm-True_braindiv-whl_nrois-162/seswise/density-10/corr_mats/sub-SLC03_ses-2_desc-corr-mat.gt.gz
d SBM
heuristic
mcmc
16 modes present
10 blocks
10 blocks
10 blocks
10 blocks
12 blocks
11 blocks
10 blocks
11 blocks
12 blocks
11 blocks
12 blocks
11 blocks
14 blocks
12 blocks
13 blocks
12 blocks
mode clusters
evidence
/home/govindas/scratch/mouse_dataset/roi_results/type-spatial_size-225_symm-True_braindiv-whl_nrois-162/seswise/density-10/sbms/sub-SLC03_ses-2/sbm-nd-d_desc-fit.npy
