==========================
==========================
Tue May 21 23:49:06 EDT 2024
--------------------------
type-spatial_size-225_symm-True_braindiv-whl_nrois-162 seswise 10 12 d False 12000 100000 100
/home/govindas/scratch/mouse_dataset/roi_results/type-spatial_size-225_symm-True_braindiv-whl_nrois-162/seswise/density-10/corr_mats/sub-SLC05_ses-1_desc-corr-mat.gt.gz
d SBM
heuristic
mcmc
10 modes present
12 blocks
13 blocks
12 blocks
12 blocks
12 blocks
12 blocks
14 blocks
11 blocks
14 blocks
16 blocks
mode clusters
evidence
/home/govindas/scratch/mouse_dataset/roi_results/type-spatial_size-225_symm-True_braindiv-whl_nrois-162/seswise/density-10/sbms/sub-SLC05_ses-1/sbm-nd-d_desc-fit.npy
