==========================
==========================
Tue May 21 23:48:35 EDT 2024
--------------------------
type-spatial_size-225_symm-True_braindiv-whl_nrois-162 seswise 10 3 d False 12000 100000 100
/home/govindas/scratch/mouse_dataset/roi_results/type-spatial_size-225_symm-True_braindiv-whl_nrois-162/seswise/density-10/corr_mats/sub-SLC02_ses-1_desc-corr-mat.gt.gz
d SBM
heuristic
mcmc
16 modes present
13 blocks
12 blocks
13 blocks
13 blocks
13 blocks
15 blocks
16 blocks
13 blocks
16 blocks
15 blocks
15 blocks
14 blocks
17 blocks
15 blocks
11 blocks
13 blocks
mode clusters
evidence
/home/govindas/scratch/mouse_dataset/roi_results/type-spatial_size-225_symm-True_braindiv-whl_nrois-162/seswise/density-10/sbms/sub-SLC02_ses-1/sbm-nd-d_desc-fit.npy
