==========================
==========================
Tue May 21 23:49:16 EDT 2024
--------------------------
type-spatial_size-225_symm-True_braindiv-whl_nrois-162 seswise 10 20 d False 12000 100000 100
/home/govindas/scratch/mouse_dataset/roi_results/type-spatial_size-225_symm-True_braindiv-whl_nrois-162/seswise/density-10/corr_mats/sub-SLC07_ses-3_desc-corr-mat.gt.gz
d SBM
heuristic
mcmc
19 modes present
11 blocks
11 blocks
11 blocks
11 blocks
10 blocks
12 blocks
10 blocks
10 blocks
12 blocks
12 blocks
10 blocks
10 blocks
12 blocks
11 blocks
11 blocks
11 blocks
13 blocks
13 blocks
12 blocks
mode clusters
evidence
/home/govindas/scratch/mouse_dataset/roi_results/type-spatial_size-225_symm-True_braindiv-whl_nrois-162/seswise/density-10/sbms/sub-SLC07_ses-3/sbm-nd-d_desc-fit.npy
