==========================
==========================
Tue May 21 23:49:17 EDT 2024
--------------------------
type-spatial_size-225_symm-True_braindiv-whl_nrois-162 seswise 10 26 h False 12000 100000 100
/home/govindas/scratch/mouse_dataset/roi_results/type-spatial_size-225_symm-True_braindiv-whl_nrois-162/seswise/density-10/corr_mats/sub-SLC09_ses-3_desc-corr-mat.gt.gz
h SBM
heuristic
mcmc
25 modes present
19 blocks
19 blocks
19 blocks
18 blocks
19 blocks
19 blocks
20 blocks
18 blocks
19 blocks
21 blocks
21 blocks
23 blocks
18 blocks
19 blocks
19 blocks
19 blocks
21 blocks
18 blocks
21 blocks
19 blocks
16 blocks
20 blocks
20 blocks
19 blocks
17 blocks
mode clusters
evidence
/home/govindas/scratch/mouse_dataset/roi_results/type-spatial_size-225_symm-True_braindiv-whl_nrois-162/seswise/density-10/sbms/sub-SLC09_ses-3/sbm-nd-h_desc-fit.npy
