==========================
==========================
Tue May 21 23:49:19 EDT 2024
--------------------------
type-spatial_size-225_symm-True_braindiv-whl_nrois-162 seswise 10 5 h False 12000 100000 100
/home/govindas/scratch/mouse_dataset/roi_results/type-spatial_size-225_symm-True_braindiv-whl_nrois-162/seswise/density-10/corr_mats/sub-SLC02_ses-3_desc-corr-mat.gt.gz
h SBM
heuristic
mcmc
26 modes present
14 blocks
15 blocks
15 blocks
17 blocks
15 blocks
13 blocks
16 blocks
15 blocks
15 blocks
17 blocks
16 blocks
19 blocks
18 blocks
18 blocks
18 blocks
14 blocks
17 blocks
14 blocks
20 blocks
17 blocks
19 blocks
18 blocks
18 blocks
14 blocks
16 blocks
16 blocks
mode clusters
evidence
/home/govindas/scratch/mouse_dataset/roi_results/type-spatial_size-225_symm-True_braindiv-whl_nrois-162/seswise/density-10/sbms/sub-SLC02_ses-3/sbm-nd-h_desc-fit.npy
