==========================
==========================
Tue May 21 23:49:20 EDT 2024
--------------------------
type-spatial_size-225_symm-True_braindiv-whl_nrois-162 seswise 10 1 h False 12000 100000 100
/home/govindas/scratch/mouse_dataset/roi_results/type-spatial_size-225_symm-True_braindiv-whl_nrois-162/seswise/density-10/corr_mats/sub-SLC01_ses-2_desc-corr-mat.gt.gz
h SBM
heuristic
mcmc
31 modes present
21 blocks
18 blocks
20 blocks
21 blocks
22 blocks
18 blocks
21 blocks
20 blocks
23 blocks
24 blocks
21 blocks
23 blocks
18 blocks
20 blocks
19 blocks
20 blocks
22 blocks
20 blocks
21 blocks
19 blocks
20 blocks
20 blocks
22 blocks
19 blocks
18 blocks
24 blocks
19 blocks
22 blocks
18 blocks
19 blocks
18 blocks
mode clusters
evidence
/home/govindas/scratch/mouse_dataset/roi_results/type-spatial_size-225_symm-True_braindiv-whl_nrois-162/seswise/density-10/sbms/sub-SLC01_ses-2/sbm-nd-h_desc-fit.npy
