==========================
==========================
Tue May 21 23:49:19 EDT 2024
--------------------------
type-spatial_size-225_symm-True_braindiv-whl_nrois-162 seswise 10 7 h False 12000 100000 100
/home/govindas/scratch/mouse_dataset/roi_results/type-spatial_size-225_symm-True_braindiv-whl_nrois-162/seswise/density-10/corr_mats/sub-SLC03_ses-2_desc-corr-mat.gt.gz
h SBM
heuristic
mcmc
34 modes present
12 blocks
12 blocks
11 blocks
14 blocks
16 blocks
12 blocks
17 blocks
14 blocks
11 blocks
14 blocks
16 blocks
16 blocks
15 blocks
16 blocks
17 blocks
14 blocks
13 blocks
14 blocks
16 blocks
15 blocks
15 blocks
17 blocks
17 blocks
14 blocks
16 blocks
17 blocks
17 blocks
15 blocks
15 blocks
17 blocks
14 blocks
17 blocks
14 blocks
13 blocks
mode clusters
evidence
/home/govindas/scratch/mouse_dataset/roi_results/type-spatial_size-225_symm-True_braindiv-whl_nrois-162/seswise/density-10/sbms/sub-SLC03_ses-2/sbm-nd-h_desc-fit.npy
