==========================
==========================
Tue May 21 23:49:17 EDT 2024
--------------------------
type-spatial_size-225_symm-True_braindiv-whl_nrois-162 seswise 10 27 h False 12000 100000 100
/home/govindas/scratch/mouse_dataset/roi_results/type-spatial_size-225_symm-True_braindiv-whl_nrois-162/seswise/density-10/corr_mats/sub-SLC10_ses-1_desc-corr-mat.gt.gz
h SBM
heuristic
mcmc
15 modes present
21 blocks
20 blocks
21 blocks
20 blocks
23 blocks
21 blocks
22 blocks
20 blocks
21 blocks
22 blocks
25 blocks
22 blocks
22 blocks
21 blocks
21 blocks
mode clusters
evidence
/home/govindas/scratch/mouse_dataset/roi_results/type-spatial_size-225_symm-True_braindiv-whl_nrois-162/seswise/density-10/sbms/sub-SLC10_ses-1/sbm-nd-h_desc-fit.npy
