==========================
==========================
Tue May 21 23:49:17 EDT 2024
--------------------------
type-spatial_size-225_symm-True_braindiv-whl_nrois-162 seswise 10 28 h False 12000 100000 100
/home/govindas/scratch/mouse_dataset/roi_results/type-spatial_size-225_symm-True_braindiv-whl_nrois-162/seswise/density-10/corr_mats/sub-SLC10_ses-2_desc-corr-mat.gt.gz
h SBM
heuristic
mcmc
20 modes present
17 blocks
17 blocks
17 blocks
18 blocks
18 blocks
25 blocks
18 blocks
20 blocks
18 blocks
18 blocks
19 blocks
17 blocks
22 blocks
17 blocks
21 blocks
18 blocks
17 blocks
21 blocks
19 blocks
20 blocks
mode clusters
evidence
/home/govindas/scratch/mouse_dataset/roi_results/type-spatial_size-225_symm-True_braindiv-whl_nrois-162/seswise/density-10/sbms/sub-SLC10_ses-2/sbm-nd-h_desc-fit.npy
